<?xml version="1.0" encoding="UTF-8"?>
<coverage generated="1715894733372" clover="3.2.0">
  <project timestamp="1715894733372" name="All files">
    <metrics statements="22" coveredstatements="22" conditionals="6" coveredconditionals="6" methods="9" coveredmethods="9" elements="37" coveredelements="37" complexity="0" loc="22" ncloc="22" packages="1" files="3" classes="3"/>
    <file name="BankAccount.ts" path="/Users/alonso/projects/tdd-practice/banking/src/BankAccount.ts">
      <metrics statements="13" coveredstatements="13" conditionals="0" coveredconditionals="0" methods="4" coveredmethods="4"/>
      <line num="1" count="1" type="stmt"/>
      <line num="10" count="1" type="stmt"/>
      <line num="11" count="4" type="stmt"/>
      <line num="13" count="4" type="stmt"/>
      <line num="16" count="2" type="stmt"/>
      <line num="17" count="2" type="stmt"/>
      <line num="18" count="2" type="stmt"/>
      <line num="21" count="2" type="stmt"/>
      <line num="22" count="2" type="stmt"/>
      <line num="23" count="2" type="stmt"/>
      <line num="26" count="4" type="stmt"/>
      <line num="27" count="4" type="stmt"/>
      <line num="28" count="4" type="stmt"/>
    </file>
    <file name="BankStatementRepository.ts" path="/Users/alonso/projects/tdd-practice/banking/src/BankStatementRepository.ts">
      <metrics statements="4" coveredstatements="4" conditionals="0" coveredconditionals="0" methods="3" coveredmethods="3"/>
      <line num="4" count="1" type="stmt"/>
      <line num="5" count="1" type="stmt"/>
      <line num="8" count="1" type="stmt"/>
      <line num="11" count="1" type="stmt"/>
    </file>
    <file name="Statement.ts" path="/Users/alonso/projects/tdd-practice/banking/src/Statement.ts">
      <metrics statements="5" coveredstatements="5" conditionals="6" coveredconditionals="6" methods="2" coveredmethods="2"/>
      <line num="1" count="2" type="stmt"/>
      <line num="2" count="9" type="stmt"/>
      <line num="5" count="4" type="stmt"/>
      <line num="6" count="4" type="stmt"/>
      <line num="7" count="4" type="cond" truecount="4" falsecount="0"/>
    </file>
  </project>
</coverage>
