{"/Users/alonso/projects/tdd-practice/banking/src/BankAccount.ts": {"path":"/Users/alonso/projects/tdd-practice/banking/src/BankAccount.ts","statementMap":{"0":{"start":{"line":1,"column":0},"end":{"line":1,"column":39}},"1":{"start":{"line":13,"column":24},"end":{"line":13,"column":64}},"2":{"start":{"line":11,"column":12},"end":{"line":11,"column":null}},"3":{"start":{"line":16,"column":8},"end":{"line":16,"column":null}},"4":{"start":{"line":17,"column":26},"end":{"line":17,"column":73}},"5":{"start":{"line":18,"column":8},"end":{"line":18,"column":null}},"6":{"start":{"line":21,"column":8},"end":{"line":21,"column":null}},"7":{"start":{"line":22,"column":26},"end":{"line":22,"column":73}},"8":{"start":{"line":23,"column":8},"end":{"line":23,"column":null}},"9":{"start":{"line":26,"column":8},"end":{"line":26,"column":null}},"10":{"start":{"line":27,"column":8},"end":{"line":29,"column":9}},"11":{"start":{"line":28,"column":12},"end":{"line":28,"column":null}},"12":{"start":{"line":10,"column":0},"end":{"line":10,"column":13}}},"fnMap":{"0":{"name":"(anonymous_0)","decl":{"start":{"line":13,"column":4},"end":{"line":13,"column":24}},"loc":{"start":{"line":13,"column":64},"end":{"line":13,"column":68}}},"1":{"name":"(anonymous_1)","decl":{"start":{"line":15,"column":4},"end":{"line":15,"column":11}},"loc":{"start":{"line":15,"column":26},"end":{"line":19,"column":5}}},"2":{"name":"(anonymous_2)","decl":{"start":{"line":20,"column":4},"end":{"line":20,"column":12}},"loc":{"start":{"line":20,"column":27},"end":{"line":24,"column":5}}},"3":{"name":"(anonymous_3)","decl":{"start":{"line":25,"column":4},"end":{"line":25,"column":19}},"loc":{"start":{"line":25,"column":19},"end":{"line":30,"column":5}}}},"branchMap":{},"s":{"0":1,"1":4,"2":4,"3":2,"4":2,"5":2,"6":2,"7":2,"8":2,"9":4,"10":4,"11":4,"12":1},"f":{"0":4,"1":2,"2":2,"3":4},"b":{}}
,"/Users/alonso/projects/tdd-practice/banking/src/BankStatementRepository.ts": {"path":"/Users/alonso/projects/tdd-practice/banking/src/BankStatementRepository.ts","statementMap":{"0":{"start":{"line":5,"column":12},"end":{"line":5,"column":null}},"1":{"start":{"line":8,"column":8},"end":{"line":8,"column":null}},"2":{"start":{"line":11,"column":8},"end":{"line":11,"column":null}},"3":{"start":{"line":4,"column":0},"end":{"line":4,"column":13}}},"fnMap":{"0":{"name":"(anonymous_0)","decl":{"start":{"line":4,"column":0},"end":{"line":4,"column":13}},"loc":{"start":{"line":4,"column":0},"end":{"line":14,"column":1}}},"1":{"name":"(anonymous_1)","decl":{"start":{"line":7,"column":4},"end":{"line":7,"column":16}},"loc":{"start":{"line":7,"column":37},"end":{"line":9,"column":5}}},"2":{"name":"(anonymous_2)","decl":{"start":{"line":10,"column":4},"end":{"line":10,"column":20}},"loc":{"start":{"line":10,"column":20},"end":{"line":12,"column":5}}}},"branchMap":{},"s":{"0":1,"1":1,"2":1,"3":1},"f":{"0":1,"1":1,"2":1},"b":{}}
,"/Users/alonso/projects/tdd-practice/banking/src/Statement.ts": {"path":"/Users/alonso/projects/tdd-practice/banking/src/Statement.ts","statementMap":{"0":{"start":{"line":2,"column":24},"end":{"line":2,"column":34}},"1":{"start":{"line":2,"column":44},"end":{"line":2,"column":58}},"2":{"start":{"line":2,"column":68},"end":{"line":2,"column":83}},"3":{"start":{"line":5,"column":20},"end":{"line":5,"column":39}},"4":{"start":{"line":6,"column":22},"end":{"line":6,"column":46}},"5":{"start":{"line":7,"column":8},"end":{"line":8,"column":null}},"6":{"start":{"line":1,"column":0},"end":{"line":1,"column":13}}},"fnMap":{"0":{"name":"(anonymous_0)","decl":{"start":{"line":2,"column":4},"end":{"line":2,"column":24}},"loc":{"start":{"line":2,"column":83},"end":{"line":2,"column":87}}},"1":{"name":"(anonymous_1)","decl":{"start":{"line":4,"column":4},"end":{"line":4,"column":12}},"loc":{"start":{"line":4,"column":12},"end":{"line":9,"column":5}}}},"branchMap":{"0":{"loc":{"start":{"line":7,"column":18},"end":{"line":7,"column":43}},"type":"cond-expr","locations":[{"start":{"line":7,"column":29},"end":{"line":7,"column":38}},{"start":{"line":7,"column":40},"end":{"line":7,"column":43}}]},"1":{"loc":{"start":{"line":7,"column":47},"end":{"line":7,"column":79}},"type":"cond-expr","locations":[{"start":{"line":7,"column":60},"end":{"line":7,"column":71}},{"start":{"line":7,"column":74},"end":{"line":7,"column":79}}]},"2":{"loc":{"start":{"line":8,"column":13},"end":{"line":8,"column":39}},"type":"cond-expr","locations":[{"start":{"line":8,"column":31},"end":{"line":8,"column":34}},{"start":{"line":8,"column":37},"end":{"line":8,"column":39}}]}},"s":{"0":9,"1":9,"2":9,"3":4,"4":4,"5":4,"6":2},"f":{"0":9,"1":4},"b":{"0":[2,2],"1":[3,1],"2":[2,2]}}
}
