TN:
SF:src/BankAccount.ts
FN:13,(anonymous_0)
FN:15,(anonymous_1)
FN:20,(anonymous_2)
FN:25,(anonymous_3)
FNF:4
FNH:4
FNDA:4,(anonymous_0)
FNDA:2,(anonymous_1)
FNDA:2,(anonymous_2)
FNDA:4,(anonymous_3)
DA:1,1
DA:10,1
DA:11,4
DA:13,4
DA:16,2
DA:17,2
DA:18,2
DA:21,2
DA:22,2
DA:23,2
DA:26,4
DA:27,4
DA:28,4
LF:13
LH:13
BRF:0
BRH:0
end_of_record
TN:
SF:src/BankStatementRepository.ts
FN:4,(anonymous_0)
FN:7,(anonymous_1)
FN:10,(anonymous_2)
FNF:3
FNH:3
FNDA:1,(anonymous_0)
FNDA:1,(anonymous_1)
FNDA:1,(anonymous_2)
DA:4,1
DA:5,1
DA:8,1
DA:11,1
LF:4
LH:4
BRF:0
BRH:0
end_of_record
TN:
SF:src/Statement.ts
FN:2,(anonymous_0)
FN:4,(anonymous_1)
FNF:2
FNH:2
FNDA:9,(anonymous_0)
FNDA:4,(anonymous_1)
DA:1,2
DA:2,9
DA:5,4
DA:6,4
DA:7,4
LF:5
LH:5
BRDA:7,0,0,2
BRDA:7,0,1,2
BRDA:7,1,0,3
BRDA:7,1,1,1
BRDA:8,2,0,2
BRDA:8,2,1,2
BRF:6
BRH:6
end_of_record
